<?xml version="1.0" encoding="utf-8"?><testsuites name="pytest tests"><testsuite name="pytest" errors="0" failures="0" skipped="0" tests="22" time="57.610" timestamp="2026-04-03T16:48:26.173441+00:00" hostname="agent-env-5e4664b0-c4ff-47aa-a773-67b4434be199"><testcase classname="backend.tests.test_metering_v3.TestTierInfo" name="test_tier_info_returns_5_tiers" time="0.160" /><testcase classname="backend.tests.test_metering_v3.TestTierInfo" name="test_tier_prices_match_production_spec" time="0.107" /><testcase classname="backend.tests.test_metering_v3.TestTierInfo" name="test_tier_compute_limits" time="0.122" /><testcase classname="backend.tests.test_metering_v3.TestTierInfo" name="test_tier_stripe_ids_present" time="0.105" /><testcase classname="backend.tests.test_metering_v3.TestTierInfo" name="test_tier_cap_types" time="0.116" /><testcase classname="backend.tests.test_metering_v3.TestComputeLevels" name="test_compute_levels_returns_4_levels" time="0.117" /><testcase classname="backend.tests.test_metering_v3.TestComputeLevels" name="test_compute_level_rates" time="0.143" /><testcase classname="backend.tests.test_metering_v3.TestComputeLevels" name="test_compute_level_min_tier_requirements" time="0.105" /><testcase classname="backend.tests.test_metering_v3.TestIntegrations" name="test_integrations_returns_65_plus" time="0.106" /><testcase classname="backend.tests.test_metering_v3.TestIntegrations" name="test_integrations_have_categories" time="0.129" /><testcase classname="backend.tests.test_metering_v3.TestIntegrations" name="test_integrations_filter_by_category" time="0.104" /><testcase classname="backend.tests.test_metering_v3.TestCheckAccess" name="test_free_user_blocked_from_business_bizplan" time="0.237" /><testcase classname="backend.tests.test_metering_v3.TestCheckAccess" name="test_403_response_includes_stripe_price_id" time="0.218" /><testcase classname="backend.tests.test_metering_v3.TestCheckAccess" name="test_pro_user_allowed_business_bizplan" time="0.221" /><testcase classname="backend.tests.test_metering_v3.TestLogUsage" name="test_log_with_compute_level_calculates_cost" time="0.165" /><testcase classname="backend.tests.test_metering_v3.TestLogUsage" name="test_log_with_mini_compute_level" time="0.210" /><testcase classname="backend.tests.test_metering_v3.TestLogUsage" name="test_log_returns_compute_level" time="0.114" /><testcase classname="backend.tests.test_metering_v3.TestDashboard" name="test_dashboard_returns_full_data" time="0.108" /><testcase classname="backend.tests.test_metering_v3.TestDashboard" name="test_dashboard_shows_price_monthly" time="0.103" /><testcase classname="backend.tests.test_metering_v3.TestCapLogic" name="test_hard_cap_returns_429_when_exhausted" time="1.521" /><testcase classname="backend.tests.test_metering_v3.TestCapLogic" name="test_soft_cap_allows_overage" time="53.195" /><testcase classname="backend.tests.test_metering_v3.TestFormationProducts" name="test_tier_info_includes_formation_products" time="0.136" /></testsuite></testsuites>