<?xml version="1.0" encoding="utf-8"?><testsuites name="pytest tests"><testsuite name="pytest" errors="0" failures="0" skipped="0" tests="22" time="127.333" timestamp="2026-04-03T08:28:43.439803+00:00" hostname="agent-env-5e4664b0-c4ff-47aa-a773-67b4434be199"><testcase classname="backend.tests.test_saintsallabs_v2.TestHealthAndBasics" name="test_health_endpoint" time="0.164" /><testcase classname="backend.tests.test_saintsallabs_v2.TestCareerSuiteAPIs" name="test_cover_letter_generation" time="7.301" /><testcase classname="backend.tests.test_saintsallabs_v2.TestCareerSuiteAPIs" name="test_cover_letter_missing_fields" time="0.150" /><testcase classname="backend.tests.test_saintsallabs_v2.TestCareerSuiteAPIs" name="test_linkedin_optimizer" time="8.888" /><testcase classname="backend.tests.test_saintsallabs_v2.TestCareerSuiteAPIs" name="test_linkedin_optimizer_missing_profile" time="0.135" /><testcase classname="backend.tests.test_saintsallabs_v2.TestCareerSuiteAPIs" name="test_salary_negotiator" time="16.278" /><testcase classname="backend.tests.test_saintsallabs_v2.TestCareerSuiteAPIs" name="test_salary_negotiator_missing_role" time="0.190" /><testcase classname="backend.tests.test_saintsallabs_v2.TestCareerSuiteAPIs" name="test_network_mapper" time="16.478" /><testcase classname="backend.tests.test_saintsallabs_v2.TestCareerSuiteAPIs" name="test_network_mapper_missing_company" time="0.135" /><testcase classname="backend.tests.test_saintsallabs_v2.TestRealEstateAPIs" name="test_listings_sale" time="0.339" /><testcase classname="backend.tests.test_saintsallabs_v2.TestRealEstateAPIs" name="test_property_value" time="1.004" /><testcase classname="backend.tests.test_saintsallabs_v2.TestRealEstateAPIs" name="test_rent_estimate" time="0.693" /><testcase classname="backend.tests.test_saintsallabs_v2.TestBusinessAPIs" name="test_patent_search" time="16.318" /><testcase classname="backend.tests.test_saintsallabs_v2.TestBusinessAPIs" name="test_patent_search_missing_description" time="0.152" /><testcase classname="backend.tests.test_saintsallabs_v2.TestBusinessAPIs" name="test_business_plan_sse" time="31.657" /><testcase classname="backend.tests.test_saintsallabs_v2.TestBusinessAPIs" name="test_business_plan_missing_idea" time="0.156" /><testcase classname="backend.tests.test_saintsallabs_v2.TestLaunchpadAPIs" name="test_name_check" time="2.234" /><testcase classname="backend.tests.test_saintsallabs_v2.TestLaunchpadAPIs" name="test_entity_advisor" time="6.538" /><testcase classname="backend.tests.test_saintsallabs_v2.TestVerticalsAPIs" name="test_sports_trending" time="11.543" /><testcase classname="backend.tests.test_saintsallabs_v2.TestVerticalsAPIs" name="test_finance_trending" time="6.679" /><testcase classname="backend.tests.test_saintsallabs_v2.TestCardsAPIs" name="test_market_trending" time="0.117" /><testcase classname="backend.tests.test_saintsallabs_v2.TestMeteringAPIs" name="test_metering_log" time="0.094" /></testsuite></testsuites>