<?xml version="1.0" encoding="utf-8"?><testsuites name="pytest tests"><testsuite name="pytest" errors="0" failures="0" skipped="0" tests="17" time="4.816" timestamp="2026-04-03T18:29:34.281397+00:00" hostname="agent-env-5e4664b0-c4ff-47aa-a773-67b4434be199"><testcase classname="backend.tests.test_saintsallabs_v7.TestHealthEndpoints" name="test_health_returns_ok" time="0.161" /><testcase classname="backend.tests.test_saintsallabs_v7.TestGHLStats" name="test_ghl_stats_returns_ok" time="0.301" /><testcase classname="backend.tests.test_saintsallabs_v7.TestBusinessDNA" name="test_save_business_dna" time="0.110" /><testcase classname="backend.tests.test_saintsallabs_v7.TestBusinessDNA" name="test_get_business_dna_returns_profile_or_empty" time="0.114" /><testcase classname="backend.tests.test_saintsallabs_v7.TestCreditTopup" name="test_credit_topup_returns_stripe_url" time="0.455" /><testcase classname="backend.tests.test_saintsallabs_v7.TestCreditTopup" name="test_credit_topup_various_amounts" time="1.796" /><testcase classname="backend.tests.test_saintsallabs_v7.TestCreditTopup" name="test_credit_topup_invalid_amount" time="0.119" /><testcase classname="backend.tests.test_saintsallabs_v7.TestCheckoutCreateSession" name="test_checkout_create_session_with_price_id" time="0.504" /><testcase classname="backend.tests.test_saintsallabs_v7.TestCheckoutCreateSession" name="test_checkout_create_session_missing_price_id" time="0.118" /><testcase classname="backend.tests.test_saintsallabs_v7.TestMeteringDashboard" name="test_metering_dashboard_returns_tier_info" time="0.109" /><testcase classname="backend.tests.test_saintsallabs_v7.TestMeteringLog" name="test_metering_log_usage" time="0.137" /><testcase classname="backend.tests.test_saintsallabs_v7.TestMeteringCheckAccess" name="test_metering_check_access_allowed" time="0.105" /><testcase classname="backend.tests.test_saintsallabs_v7.TestMeteringCheckAccess" name="test_metering_check_access_denied" time="0.233" /><testcase classname="backend.tests.test_saintsallabs_v7.TestMeteringTierInfo" name="test_metering_tier_info_returns_all_tiers" time="0.099" /><testcase classname="backend.tests.test_saintsallabs_v7.TestMeteringIntegrations" name="test_metering_integrations_returns_connectors" time="0.105" /><testcase classname="backend.tests.test_saintsallabs_v7.TestMeteringIntegrations" name="test_metering_integrations_filter_by_category" time="0.127" /><testcase classname="backend.tests.test_saintsallabs_v7.TestMeteringComputeLevels" name="test_metering_compute_levels" time="0.124" /></testsuite></testsuites>