<?xml version="1.0" encoding="utf-8"?><testsuites name="pytest tests"><testsuite name="pytest" errors="0" failures="0" skipped="0" tests="23" time="8.870" timestamp="2026-04-04T02:09:16.599388+00:00" hostname="agent-env-5e4664b0-c4ff-47aa-a773-67b4434be199"><testcase classname="backend.tests.test_career_suite_p0.TestHealthCheck" name="test_health_endpoint" time="0.146" /><testcase classname="backend.tests.test_career_suite_p0.TestResumeBuilder" name="test_create_resume_returns_resume_id" time="0.402" /><testcase classname="backend.tests.test_career_suite_p0.TestResumeBuilder" name="test_export_resume_pdf" time="0.881" /><testcase classname="backend.tests.test_career_suite_p0.TestResumeBuilder" name="test_export_resume_docx" time="0.910" /><testcase classname="backend.tests.test_career_suite_p0.TestResumeBuilder" name="test_list_resumes" time="0.303" /><testcase classname="backend.tests.test_career_suite_p0.TestCoverLetter" name="test_save_cover_letter_returns_id" time="0.264" /><testcase classname="backend.tests.test_career_suite_p0.TestCoverLetter" name="test_export_cover_letter_pdf" time="0.598" /><testcase classname="backend.tests.test_career_suite_p0.TestCoverLetter" name="test_export_cover_letter_docx" time="0.629" /><testcase classname="backend.tests.test_career_suite_p0.TestCoverLetter" name="test_list_cover_letters" time="0.286" /><testcase classname="backend.tests.test_career_suite_p0.TestFileUpload" name="test_upload_headshot_returns_url" time="0.100" /><testcase classname="backend.tests.test_career_suite_p0.TestFileUpload" name="test_upload_background_returns_url" time="0.106" /><testcase classname="backend.tests.test_career_suite_p0.TestFileUpload" name="test_serve_uploaded_file" time="0.206" /><testcase classname="backend.tests.test_career_suite_p0.TestFileUpload" name="test_upload_rejects_invalid_extension" time="0.098" /><testcase classname="backend.tests.test_career_suite_p0.TestJobTracker" name="test_get_tracker_returns_kanban" time="0.295" /><testcase classname="backend.tests.test_career_suite_p0.TestJobTracker" name="test_add_job_to_tracker" time="0.347" /><testcase classname="backend.tests.test_career_suite_p0.TestJobTracker" name="test_update_job_status" time="0.590" /><testcase classname="backend.tests.test_career_suite_p0.TestJobTracker" name="test_delete_job_from_tracker" time="0.617" /><testcase classname="backend.tests.test_career_suite_p0.TestJobSearch" name="test_job_search_returns_results" time="0.402" /><testcase classname="backend.tests.test_career_suite_p0.TestJobSearch" name="test_job_search_with_remote_filter" time="0.376" /><testcase classname="backend.tests.test_career_suite_p0.TestCareerProfile" name="test_get_profile" time="0.301" /><testcase classname="backend.tests.test_career_suite_p0.TestCareerProfile" name="test_save_profile" time="0.300" /><testcase classname="backend.tests.test_career_suite_p0.TestEmailSignatures" name="test_save_signature" time="0.306" /><testcase classname="backend.tests.test_career_suite_p0.TestEmailSignatures" name="test_list_signatures" time="0.301" /></testsuite></testsuites>