<?xml version="1.0" encoding="utf-8"?><testsuites name="pytest tests"><testsuite name="pytest" errors="0" failures="0" skipped="0" tests="17" time="30.146" timestamp="2026-04-03T17:01:53.084678+00:00" hostname="agent-env-5e4664b0-c4ff-47aa-a773-67b4434be199"><testcase classname="backend.tests.test_social_studio.TestBrandProfiles" name="test_brand_generate_ai_success" time="0.219" /><testcase classname="backend.tests.test_social_studio.TestBrandProfiles" name="test_brand_generate_ai_empty_name" time="0.103" /><testcase classname="backend.tests.test_social_studio.TestImageLibrary" name="test_image_save_library_success" time="0.110" /><testcase classname="backend.tests.test_social_studio.TestImageLibrary" name="test_image_save_library_minimal" time="0.162" /><testcase classname="backend.tests.test_social_studio.TestGHLConnect" name="test_ghl_connect_without_key" time="0.149" /><testcase classname="backend.tests.test_social_studio.TestGHLConnect" name="test_ghl_connect_with_env_key" time="0.299" /><testcase classname="backend.tests.test_social_studio.TestReviews" name="test_get_reviews_empty" time="0.128" /><testcase classname="backend.tests.test_social_studio.TestReviews" name="test_review_response_generation" time="0.118" /><testcase classname="backend.tests.test_social_studio.TestReviews" name="test_review_response_different_tones" time="0.328" /><testcase classname="backend.tests.test_social_studio.TestWorkflows" name="test_get_workflows" time="0.126" /><testcase classname="backend.tests.test_social_studio.TestWorkflows" name="test_toggle_workflow" time="0.306" /><testcase classname="backend.tests.test_social_studio.TestWorkflows" name="test_toggle_nonexistent_workflow" time="0.111" /><testcase classname="backend.tests.test_social_studio.TestMeteringDashboard" name="test_metering_dashboard" time="0.122" /><testcase classname="backend.tests.test_social_studio.TestContentGeneration" name="test_social_generate" time="27.321" /><testcase classname="backend.tests.test_social_studio.TestExistingEndpoints" name="test_image_generate" time="0.202" /><testcase classname="backend.tests.test_social_studio.TestExistingEndpoints" name="test_video_generate" time="0.147" /><testcase classname="backend.tests.test_social_studio.TestExistingEndpoints" name="test_ad_generate" time="0.106" /></testsuite></testsuites>