<?xml version="1.0" encoding="utf-8"?><testsuites name="pytest tests"><testsuite name="pytest" errors="0" failures="0" skipped="0" tests="24" time="117.337" timestamp="2026-04-03T08:52:36.096345+00:00" hostname="agent-env-5e4664b0-c4ff-47aa-a773-67b4434be199"><testcase classname="backend.tests.test_saintsallabs_v3.TestHealthAndBasics" name="test_health_endpoint" time="0.140" /><testcase classname="backend.tests.test_saintsallabs_v3.TestBusinessPlanAI" name="test_business_plan_sse_streaming" time="32.920" /><testcase classname="backend.tests.test_saintsallabs_v3.TestBusinessPlanAI" name="test_business_plan_missing_idea" time="0.136" /><testcase classname="backend.tests.test_saintsallabs_v3.TestPatentIPSearch" name="test_patent_search_full" time="14.013" /><testcase classname="backend.tests.test_saintsallabs_v3.TestPatentIPSearch" name="test_patent_search_minimal" time="16.234" /><testcase classname="backend.tests.test_saintsallabs_v3.TestPatentIPSearch" name="test_patent_search_missing_description" time="0.199" /><testcase classname="backend.tests.test_saintsallabs_v3.TestFormationWizard" name="test_name_check" time="3.374" /><testcase classname="backend.tests.test_saintsallabs_v3.TestFormationWizard" name="test_name_check_missing_name" time="0.099" /><testcase classname="backend.tests.test_saintsallabs_v3.TestFormationWizard" name="test_entity_advisor" time="11.681" /><testcase classname="backend.tests.test_saintsallabs_v3.TestFormationWizard" name="test_ein_filing" time="0.123" /><testcase classname="backend.tests.test_saintsallabs_v3.TestFormationWizard" name="test_dns_configure" time="2.227" /><testcase classname="backend.tests.test_saintsallabs_v3.TestFormationWizard" name="test_dns_configure_missing_domain" time="0.099" /><testcase classname="backend.tests.test_saintsallabs_v3.TestFormationWizard" name="test_ssl_provision" time="0.094" /><testcase classname="backend.tests.test_saintsallabs_v3.TestFormationWizard" name="test_ssl_provision_missing_domain" time="0.099" /><testcase classname="backend.tests.test_saintsallabs_v3.TestFormationWizard" name="test_compliance_setup" time="10.238" /><testcase classname="backend.tests.test_saintsallabs_v3.TestCookinCardsAPIs" name="test_card_scan_with_base64" time="0.183" /><testcase classname="backend.tests.test_saintsallabs_v3.TestCookinCardsAPIs" name="test_card_scan_missing_image" time="0.106" /><testcase classname="backend.tests.test_saintsallabs_v3.TestCookinCardsAPIs" name="test_card_grade_with_url" time="5.086" /><testcase classname="backend.tests.test_saintsallabs_v3.TestCookinCardsAPIs" name="test_card_grade_missing_image" time="0.161" /><testcase classname="backend.tests.test_saintsallabs_v3.TestCookinCardsAPIs" name="test_collection_add" time="0.100" /><testcase classname="backend.tests.test_saintsallabs_v3.TestCookinCardsAPIs" name="test_collection_get" time="0.243" /><testcase classname="backend.tests.test_saintsallabs_v3.TestCookinCardsAPIs" name="test_market_trending" time="0.098" /><testcase classname="backend.tests.test_saintsallabs_v3.TestExistingAPIs" name="test_cover_letter_generation" time="8.375" /><testcase classname="backend.tests.test_saintsallabs_v3.TestExistingAPIs" name="test_verticals_trending" time="11.233" /></testsuite></testsuites>