<?xml version="1.0" encoding="utf-8"?><testsuites name="pytest tests"><testsuite name="pytest" errors="0" failures="0" skipped="0" tests="16" time="44.969" timestamp="2026-04-03T09:11:27.897341+00:00" hostname="agent-env-5e4664b0-c4ff-47aa-a773-67b4434be199"><testcase classname="tests.test_metering.TestMeteringTierInfo" name="test_tier_info_returns_all_tiers" time="0.127" /><testcase classname="tests.test_metering.TestMeteringTierInfo" name="test_tier_info_has_correct_limits" time="0.109" /><testcase classname="tests.test_metering.TestMeteringTierInfo" name="test_tier_info_has_rate_limits" time="0.101" /><testcase classname="tests.test_metering.TestMeteringDashboard" name="test_dashboard_returns_usage_data" time="0.097" /><testcase classname="tests.test_metering.TestMeteringDashboard" name="test_dashboard_default_user_is_pro" time="0.095" /><testcase classname="tests.test_metering.TestMeteringCheckAccess" name="test_pro_user_can_access_business_bizplan" time="0.104" /><testcase classname="tests.test_metering.TestMeteringCheckAccess" name="test_free_user_blocked_from_pro_feature" time="0.203" /><testcase classname="tests.test_metering.TestMeteringCheckAccess" name="test_free_user_can_access_basic_features" time="0.210" /><testcase classname="tests.test_metering.TestMeteringLog" name="test_log_usage_updates_credits" time="0.204" /><testcase classname="tests.test_metering.TestMeteringLog" name="test_log_usage_detects_overage" time="2.686" /><testcase classname="tests.test_metering.TestMeteringSetTier" name="test_set_tier_changes_tier" time="0.187" /><testcase classname="tests.test_metering.TestMeteringSetTier" name="test_set_tier_invalid_tier_returns_400" time="36.069" /><testcase classname="tests.test_metering.TestMeteringUsage" name="test_usage_returns_summary" time="0.137" /><testcase classname="tests.test_metering.TestMeteringRateLimit" name="test_rate_limit_enforced" time="0.726" /><testcase classname="tests.test_metering.TestMeteringIntegration" name="test_full_tier_gate_flow" time="0.414" /><testcase classname="tests.test_metering.TestMeteringIntegration" name="test_usage_logging_updates_dashboard" time="3.397" /></testsuite></testsuites>