<?xml version="1.0" encoding="utf-8"?><testsuites name="pytest tests"><testsuite name="pytest" errors="0" failures="0" skipped="0" tests="19" time="12.081" timestamp="2026-04-05T21:23:03.969345+00:00" hostname="agent-env-5e4664b0-c4ff-47aa-a773-67b4434be199"><testcase classname="backend.tests.test_career_suite_p0_v2.TestHealthAndConfig" name="test_health_endpoint" time="0.260" /><testcase classname="backend.tests.test_career_suite_p0_v2.TestAuth" name="test_login_with_valid_credentials" time="0.933" /><testcase classname="backend.tests.test_career_suite_p0_v2.TestAuth" name="test_signup_auto_confirms_email" time="2.275" /><testcase classname="backend.tests.test_career_suite_p0_v2.TestResumeExport" name="test_create_resume" time="0.492" /><testcase classname="backend.tests.test_career_suite_p0_v2.TestResumeExport" name="test_export_resume_pdf" time="0.888" /><testcase classname="backend.tests.test_career_suite_p0_v2.TestResumeExport" name="test_export_resume_docx" time="0.753" /><testcase classname="backend.tests.test_career_suite_p0_v2.TestCoverLetterExport" name="test_create_cover_letter" time="0.259" /><testcase classname="backend.tests.test_career_suite_p0_v2.TestCoverLetterExport" name="test_export_cover_letter_pdf" time="0.573" /><testcase classname="backend.tests.test_career_suite_p0_v2.TestCoverLetterExport" name="test_export_cover_letter_docx" time="0.485" /><testcase classname="backend.tests.test_career_suite_p0_v2.TestJobSearch" name="test_job_search_returns_results" time="0.460" /><testcase classname="backend.tests.test_career_suite_p0_v2.TestJobSearch" name="test_job_search_with_remote_filter" time="1.064" /><testcase classname="backend.tests.test_career_suite_p0_v2.TestKanban" name="test_tracker_returns_8_columns" time="0.287" /><testcase classname="backend.tests.test_career_suite_p0_v2.TestKanban" name="test_add_job_to_tracker" time="0.266" /><testcase classname="backend.tests.test_career_suite_p0_v2.TestStageCoaching" name="test_status_change_returns_coaching" time="0.507" /><testcase classname="backend.tests.test_career_suite_p0_v2.TestInterviewPrep" name="test_interview_scheduled_returns_prep" time="0.619" /><testcase classname="backend.tests.test_career_suite_p0_v2.TestFileUpload" name="test_upload_headshot_returns_supabase_url" time="1.021" /><testcase classname="backend.tests.test_career_suite_p0_v2.TestFileUpload" name="test_upload_background_returns_supabase_url" time="0.382" /><testcase classname="backend.tests.test_career_suite_p0_v2.TestDNAAutofill" name="test_autofill_dna_creates_profile" time="0.224" /><testcase classname="backend.tests.test_career_suite_p0_v2.TestEmailSignature" name="test_save_signature" time="0.233" /></testsuite></testsuites>