<?xml version="1.0" encoding="utf-8"?><testsuites name="pytest tests"><testsuite name="pytest" errors="0" failures="1" skipped="0" tests="23" time="22.076" timestamp="2026-04-06T18:42:27.394553+00:00" hostname="agent-env-5e4664b0-c4ff-47aa-a773-67b4434be199"><testcase classname="backend.tests.test_saintsallabs_v11.TestHealthAndAuth" name="test_health_endpoint" time="0.262" /><testcase classname="backend.tests.test_saintsallabs_v11.TestHealthAndAuth" name="test_login_with_valid_credentials" time="1.283" /><testcase classname="backend.tests.test_saintsallabs_v11.TestCookinCardsSearch" name="test_cards_search_charizard" time="10.236"><failure message="AssertionError: No cards returned for Charizard search&#10;assert 0 &gt; 0&#10; +  where 0 = len([])">backend/tests/test_saintsallabs_v11.py:56: in test_cards_search_charizard
    assert len(results) &gt; 0, "No cards returned for Charizard search"
E   AssertionError: No cards returned for Charizard search
E   assert 0 &gt; 0
E    +  where 0 = len([])</failure></testcase><testcase classname="backend.tests.test_saintsallabs_v11.TestCookinCardsSearch" name="test_cards_search_pikachu" time="0.826" /><testcase classname="backend.tests.test_saintsallabs_v11.TestCookinCardsSearch" name="test_cards_search_empty_query" time="0.146" /><testcase classname="backend.tests.test_saintsallabs_v11.TestCookinCardsPrice" name="test_cards_price_charizard" time="0.699" /><testcase classname="backend.tests.test_saintsallabs_v11.TestCookinCardsPrice" name="test_cards_price_missing_name" time="0.125" /><testcase classname="backend.tests.test_saintsallabs_v11.TestCookinCardsTrending" name="test_market_trending" time="0.289" /><testcase classname="backend.tests.test_saintsallabs_v11.TestCookinCardsCertVerification" name="test_verify_cert_psa" time="1.052" /><testcase classname="backend.tests.test_saintsallabs_v11.TestCookinCardsCertVerification" name="test_verify_cert_bgs" time="1.091" /><testcase classname="backend.tests.test_saintsallabs_v11.TestCookinCardsCertVerification" name="test_verify_cert_missing_number" time="0.146" /><testcase classname="backend.tests.test_saintsallabs_v11.TestCookinCardsCollection" name="test_get_collection_anonymous" time="0.157" /><testcase classname="backend.tests.test_saintsallabs_v11.TestCookinCardsCollection" name="test_add_to_collection_anonymous" time="0.133" /><testcase classname="backend.tests.test_saintsallabs_v11.TestWebsiteIntel" name="test_website_intel_crawl" time="1.164" /><testcase classname="backend.tests.test_saintsallabs_v11.TestWebsiteIntel" name="test_website_intel_empty_url" time="0.134" /><testcase classname="backend.tests.test_saintsallabs_v11.TestWebsiteIntel" name="test_website_intel_list_crawls" time="0.640" /><testcase classname="backend.tests.test_saintsallabs_v11.TestRealEstateListings" name="test_listings_sale_austin" time="0.614" /><testcase classname="backend.tests.test_saintsallabs_v11.TestRealEstateListings" name="test_listings_sale_by_zipcode" time="0.240" /><testcase classname="backend.tests.test_saintsallabs_v11.TestCareerSuiteTracker" name="test_tracker_get_14_statuses" time="0.453" /><testcase classname="backend.tests.test_saintsallabs_v11.TestCareerSuiteTracker" name="test_tracker_add_job_saved_status" time="0.235" /><testcase classname="backend.tests.test_saintsallabs_v11.TestCareerSuiteResumes" name="test_get_resumes_list" time="0.262" /><testcase classname="backend.tests.test_saintsallabs_v11.TestCareerSuiteSignatures" name="test_get_signatures_list" time="0.293" /><testcase classname="backend.tests.test_saintsallabs_v11.TestCareerSuiteJobSearch" name="test_job_search" time="1.473" /></testsuite></testsuites>