<?xml version="1.0" encoding="utf-8"?><testsuites name="pytest tests"><testsuite name="pytest" errors="0" failures="0" skipped="0" tests="16" time="4.664" timestamp="2026-04-06T04:39:59.666968+00:00" hostname="agent-env-5e4664b0-c4ff-47aa-a773-67b4434be199"><testcase classname="tests.test_career_suite_v10.TestHealthAndAuth" name="test_health_endpoint" time="0.128" /><testcase classname="tests.test_career_suite_v10.TestHealthAndAuth" name="test_login_success" time="0.639" /><testcase classname="tests.test_career_suite_v10.TestJobTracker14Columns" name="test_tracker_returns_14_statuses" time="0.696" /><testcase classname="tests.test_career_suite_v10.TestJobTracker14Columns" name="test_add_job_to_tracker" time="0.211" /><testcase classname="tests.test_career_suite_v10.TestResumes" name="test_list_resumes" time="0.202" /><testcase classname="tests.test_career_suite_v10.TestResumes" name="test_resume_export_pdf" time="0.207" /><testcase classname="tests.test_career_suite_v10.TestResumes" name="test_resume_export_docx" time="0.233" /><testcase classname="tests.test_career_suite_v10.TestCoverLetters" name="test_list_cover_letters" time="0.213" /><testcase classname="tests.test_career_suite_v10.TestCoverLetters" name="test_cover_letter_export_pdf" time="0.203" /><testcase classname="tests.test_career_suite_v10.TestCoverLetters" name="test_cover_letter_export_docx" time="0.195" /><testcase classname="tests.test_career_suite_v10.TestSignatures" name="test_list_signatures" time="0.208" /><testcase classname="tests.test_career_suite_v10.TestJobSearch" name="test_job_search_returns_results" time="0.399" /><testcase classname="tests.test_career_suite_v10.TestJobSearch" name="test_job_search_with_remote_filter" time="0.338" /><testcase classname="tests.test_career_suite_v10.TestStudioV2WebsiteIntel" name="test_website_intel_validation" time="0.106" /><testcase classname="tests.test_career_suite_v10.TestStudioV2WebsiteIntel" name="test_list_website_crawls" time="0.417" /><testcase classname="tests.test_career_suite_v10.TestStudioV2Campaigns" name="test_list_campaigns" time="0.194" /></testsuite></testsuites>